[2022-09-11 18:07:40,232,236] [OpenSeaBot launched]
[2022-09-11 18:07:40,747,191] [Scraping stats for: 0x2e3ba1d14578fc1fe04e0e49bddd32978f6f70cd]
[2022-09-11 18:08:06,543,194] [Waiting for OpenSea to load]
[2022-09-11 18:08:11,559,191] [Scraping stats for: 0x0ac1e9bb8f0076085d5f7225485fb21cacc99bce]
[2022-09-11 18:08:55,235,236] [OpenSeaBot launched]
[2022-09-11 18:08:55,641,191] [Scraping stats for: 0x2e3ba1d14578fc1fe04e0e49bddd32978f6f70cd]
[2022-09-11 18:09:09,265,194] [Waiting for OpenSea to load]
[2022-09-11 18:09:39,273,191] [Scraping stats for: 0x0ac1e9bb8f0076085d5f7225485fb21cacc99bce]
[2022-09-11 18:09:54,494,194] [Waiting for OpenSea to load]
[2022-09-11 18:11:07,840,236] [OpenSeaBot launched]
[2022-09-11 18:11:08,277,191] [Scraping stats for: 0x77654e7e579b3c817a3672c1c66c050058b92b85]
[2022-09-11 18:11:20,957,194] [Waiting for OpenSea to load]
[2022-09-11 18:12:03,041,236] [OpenSeaBot launched]
[2022-09-11 18:12:03,447,191] [Scraping stats for: 0x55519535c999C3f9f4be4f7bfa91D4CEDE42e9Ae]
[2022-09-11 18:12:22,656,194] [Waiting for OpenSea to load]
[2022-09-11 18:12:27,902,201] [Waiting for stats to load]
[2022-09-11 18:12:29,804,222] [Stats: {'TodaysDate': '09-11-2022', 'ScanAddress': '0x55519535c999C3f9f4be4f7bfa91D4CEDE42e9Ae', 'CollectionName': 'TCG Dragon Cave Club', 'Collection': '', 'AssetNumber': '4958', 'BestOffer': '($380.97)'}]
[2022-09-11 18:12:29,901,229] [Stats have been saved to E:\AliData\BotFlocks\AliBots\OpenSeaBot\OpenSeaRes\Valid.csv]
[2022-09-11 18:12:29,902,167] [Closing browser]
[2022-09-11 18:12:32,482,191] [Scraping stats for: 0x2e3ba1d14578fc1fe04e0e49bddd32978f6f70cd]
[2022-09-11 23:00:50,971,245] [OpenSeaBot launched]
[2022-09-11 23:00:53,288,192] [Scraping stats for: 0x55519535c999C3f9f4be4f7bfa91D4CEDE42e9Ae URL: https://opensea.io/0x55519535c999C3f9f4be4f7bfa91D4CEDE42e9Ae?search[sortBy]=UNIT_PRICE&search[sortAscending]=false]
[2022-09-11 23:01:08,099,195] [Waiting for OpenSea to load]
[2022-09-11 23:01:13,871,211] [Waiting for stats to load]
[2022-09-11 23:01:14,874,231] [Stats: {'TodaysDate': '09-11-2022', 'ScanAddress': '0x55519535c999C3f9f4be4f7bfa91D4CEDE42e9Ae', 'CollectionName': 'TCG Dragon Cave Club', 'Collection': '', 'AssetNumber': '4958', 'BestOffer': '($302.91)', 'Premium': ''}]
[2022-09-11 23:01:14,881,238] [Stats have been saved to E:\AliData\BotFlocks\AliBots\OpenSeaBot\OpenSeaRes\Valid.csv]
[2022-09-11 23:01:14,881,167] [Closing browser]
[2022-09-11 23:01:17,476,192] [Scraping stats for: 0x76BE3b62873462d2142405439777e971754E8E77 URL: https://opensea.io/0x76BE3b62873462d2142405439777e971754E8E77?search[sortBy]=UNIT_PRICE&search[sortAscending]=false]
[2022-09-11 23:01:21,620,780] [Retrying (Retry(total=2, connect=None, read=None, redirect=None, status=None)) after connection broken by 'NewConnectionError('<urllib3.connection.HTTPConnection object at 0x000002886124E340>: Failed to establish a new connection: [WinError 10061] No connection could be made because the target machine actively refused it')': /session/310a7039a9522fe1669098968108d5ee/url]
[2022-09-11 23:01:25,692,780] [Retrying (Retry(total=1, connect=None, read=None, redirect=None, status=None)) after connection broken by 'NewConnectionError('<urllib3.connection.HTTPConnection object at 0x00000288612576D0>: Failed to establish a new connection: [WinError 10061] No connection could be made because the target machine actively refused it')': /session/310a7039a9522fe1669098968108d5ee/url]
[2022-09-11 23:02:07,023,245] [OpenSeaBot launched]
[2022-09-11 23:02:09,209,192] [Scraping stats for: 0x55519535c999C3f9f4be4f7bfa91D4CEDE42e9Ae URL: https://opensea.io/0x55519535c999C3f9f4be4f7bfa91D4CEDE42e9Ae?search[sortBy]=UNIT_PRICE&search[sortAscending]=false]
[2022-09-11 23:02:24,327,195] [Waiting for OpenSea to load]
[2022-09-11 23:02:31,609,211] [Waiting for stats to load]
[2022-09-11 23:02:32,101,231] [Stats: {'TodaysDate': '09-11-2022', 'ScanAddress': '0x55519535c999C3f9f4be4f7bfa91D4CEDE42e9Ae', 'CollectionName': 'TCG Dragon Cave Club', 'Collection': '', 'AssetNumber': '4982', 'BestOffer': '($302.91)', 'Premium': ''}]
[2022-09-11 23:02:32,109,238] [Stats have been saved to E:\AliData\BotFlocks\AliBots\OpenSeaBot\OpenSeaRes\Valid.csv]
[2022-09-11 23:02:32,110,192] [Scraping stats for: 0x76BE3b62873462d2142405439777e971754E8E77 URL: https://opensea.io/0x76BE3b62873462d2142405439777e971754E8E77?search[sortBy]=UNIT_PRICE&search[sortAscending]=false]
[2022-09-11 23:02:36,781,195] [Waiting for OpenSea to load]
[2022-09-11 23:02:42,889,211] [Waiting for stats to load]
[2022-09-11 23:02:43,246,231] [Stats: {'TodaysDate': '09-11-2022', 'ScanAddress': '0x76BE3b62873462d2142405439777e971754E8E77', 'CollectionName': 'ExpansionPunks', 'Collection': '', 'AssetNumber': '13588', 'BestOffer': '($28.70)', 'Premium': ''}]
[2022-09-11 23:02:43,249,238] [Stats have been saved to E:\AliData\BotFlocks\AliBots\OpenSeaBot\OpenSeaRes\Valid.csv]
[2022-09-11 23:02:43,250,192] [Scraping stats for: 0x0e32cee0445413e118b14d02e0409303d338487a URL: https://opensea.io/0x0e32cee0445413e118b14d02e0409303d338487a?search[sortBy]=UNIT_PRICE&search[sortAscending]=false]
[2022-09-11 23:02:47,294,195] [Waiting for OpenSea to load]
[2022-09-11 23:02:57,387,207] [No collection found]
[2022-09-11 23:02:57,387,192] [Scraping stats for: 0x77654e7e579b3c817a3672c1c66c050058b92b85 URL: https://opensea.io/0x77654e7e579b3c817a3672c1c66c050058b92b85?search[sortBy]=UNIT_PRICE&search[sortAscending]=false]
[2022-09-11 23:03:02,255,195] [Waiting for OpenSea to load]
[2022-09-11 23:03:12,432,207] [No collection found]
[2022-09-11 23:03:12,432,192] [Scraping stats for: 0xE0AbC5091f4077d30d7030fCE93bE28D4244bDBc URL: https://opensea.io/0xE0AbC5091f4077d30d7030fCE93bE28D4244bDBc?search[sortBy]=UNIT_PRICE&search[sortAscending]=false]
[2022-09-11 23:03:18,869,195] [Waiting for OpenSea to load]
[2022-09-11 23:03:29,236,211] [Waiting for stats to load]
[2022-09-11 23:03:29,543,231] [Stats: {'TodaysDate': '09-11-2022', 'ScanAddress': '0xE0AbC5091f4077d30d7030fCE93bE28D4244bDBc', 'CollectionName': 'Tykes', 'Collection': '', 'AssetNumber': '1138', 'BestOffer': '($4,419.78)', 'Premium': ''}]
[2022-09-11 23:03:29,547,238] [Stats have been saved to E:\AliData\BotFlocks\AliBots\OpenSeaBot\OpenSeaRes\Valid.csv]
[2022-09-11 23:03:29,548,192] [Scraping stats for: 0xba30e5f9bb24caa003e9f2f0497ad287fdf95623 URL: https://opensea.io/0xba30e5f9bb24caa003e9f2f0497ad287fdf95623?search[sortBy]=UNIT_PRICE&search[sortAscending]=false]
[2022-09-11 23:03:37,917,195] [Waiting for OpenSea to load]
[2022-09-11 23:03:45,722,211] [Waiting for stats to load]
[2022-09-11 23:03:45,832,231] [Stats: {'TodaysDate': '09-11-2022', 'ScanAddress': '0xba30e5f9bb24caa003e9f2f0497ad287fdf95623', 'CollectionName': 'Untitled Collection #84717569', 'Collection': '', 'AssetNumber': '106234867031318997778775428164303518319815832261592484414001580102808030412805', 'BestOffer': '', 'Premium': ''}]
[2022-09-11 23:03:45,837,238] [Stats have been saved to E:\AliData\BotFlocks\AliBots\OpenSeaBot\OpenSeaRes\Valid.csv]
[2022-09-11 23:03:45,838,192] [Scraping stats for: 0xAa56C439CAA489ed38e549a5a5B24b71C51c9344 URL: https://opensea.io/0xAa56C439CAA489ed38e549a5a5B24b71C51c9344?search[sortBy]=UNIT_PRICE&search[sortAscending]=false]
[2022-09-11 23:03:56,568,195] [Waiting for OpenSea to load]
[2022-09-11 23:04:12,813,211] [Waiting for stats to load]
[2022-09-11 23:04:13,026,231] [Stats: {'TodaysDate': '09-11-2022', 'ScanAddress': '0xAa56C439CAA489ed38e549a5a5B24b71C51c9344', 'CollectionName': 'Bored Ape Kennel Club', 'Collection': '', 'AssetNumber': '1697', 'BestOffer': '($13,218.52)', 'Premium': 'Y'}]
[2022-09-11 23:04:13,034,238] [Stats have been saved to E:\AliData\BotFlocks\AliBots\OpenSeaBot\OpenSeaRes\Valid.csv]
[2022-09-22 00:46:09,074,255] [OpenSeaBot launched]
[2022-09-22 00:46:09,089,139] [Proxy selected: 194.41.56.204:8000]
[2022-09-22 00:46:11,379,200] [Scraping stats of 0: 0x55519535c999C3f9f4be4f7bfa91D4CEDE42e9Ae, URL: https://opensea.io/0x55519535c999C3f9f4be4f7bfa91D4CEDE42e9Ae?search[sortBy]=UNIT_PRICE&search[sortAscending]=false]
[2022-09-22 00:46:32,028,203] [Waiting for OpenSea to load]
[2022-09-22 00:59:42,539,257] [OpenSeaBot launched]
[2022-09-22 00:59:44,414,201] [Scraping stats of 0: 0x55519535c999C3f9f4be4f7bfa91D4CEDE42e9Ae, URL: https://opensea.io/0x55519535c999C3f9f4be4f7bfa91D4CEDE42e9Ae?search[sortBy]=UNIT_PRICE&search[sortAscending]=false]
[2022-09-22 01:00:15,835,257] [OpenSeaBot launched]
[2022-09-22 01:00:15,842,139] [Proxy selected: 138.128.93.50:8000]
[2022-09-22 01:00:17,923,201] [Scraping stats of 0: 0x55519535c999C3f9f4be4f7bfa91D4CEDE42e9Ae, URL: https://opensea.io/0x55519535c999C3f9f4be4f7bfa91D4CEDE42e9Ae?search[sortBy]=UNIT_PRICE&search[sortAscending]=false]
[2022-09-22 01:00:48,211,204] [Waiting for OpenSea to load]
[2022-09-22 01:01:08,432,223] [Waiting for stats to load]
[2022-09-22 01:01:08,803,243] [Stats: {'TodaysDate': '09-22-2022', 'ScanAddress': '0x55519535c999C3f9f4be4f7bfa91D4CEDE42e9Ae', 'CollectionName': 'TCG Dragon Cave Club', 'Collection': '', 'AssetNumber': '683', 'BestOffer': '', 'Premium': ''}]
[2022-09-22 01:01:08,858,250] [Stats have been saved to E:\AliData\BotFlocks\AliBots\OpenSeaBot\OpenSeaRes\Valid.csv]
[2022-09-22 01:01:08,859,169] [Closing browser]
[2022-09-22 01:01:13,519,139] [Proxy selected: 154.30.136.119:8000]
[2022-09-22 01:01:15,475,201] [Scraping stats of 1: 0x76BE3b62873462d2142405439777e971754E8E77, URL: https://opensea.io/0x76BE3b62873462d2142405439777e971754E8E77?search[sortBy]=UNIT_PRICE&search[sortAscending]=false]
[2022-09-22 01:01:32,045,204] [Waiting for OpenSea to load]
[2022-09-22 01:01:44,950,223] [Waiting for stats to load]
[2022-09-22 01:01:45,174,243] [Stats: {'TodaysDate': '09-22-2022', 'ScanAddress': '0x76BE3b62873462d2142405439777e971754E8E77', 'CollectionName': 'ExpansionPunks', 'Collection': '', 'AssetNumber': '13588', 'BestOffer': '', 'Premium': ''}]
[2022-09-22 01:01:45,179,250] [Stats have been saved to E:\AliData\BotFlocks\AliBots\OpenSeaBot\OpenSeaRes\Valid.csv]
[2022-09-22 01:01:45,180,169] [Closing browser]
[2022-09-22 01:01:49,904,139] [Proxy selected: 154.30.136.43:8000]
[2022-09-22 01:01:52,109,201] [Scraping stats of 2: 0x0e32cee0445413e118b14d02e0409303d338487a, URL: https://opensea.io/0x0e32cee0445413e118b14d02e0409303d338487a?search[sortBy]=UNIT_PRICE&search[sortAscending]=false]
[2022-09-22 01:02:14,574,204] [Waiting for OpenSea to load]
[2022-09-22 01:02:24,694,219] [No collection found]
[2022-09-22 01:02:24,696,139] [Proxy selected: 46.3.14.22:8000]
[2022-09-22 01:02:30,547,201] [Scraping stats of 3: 0x77654e7e579b3c817a3672c1c66c050058b92b85, URL: https://opensea.io/0x77654e7e579b3c817a3672c1c66c050058b92b85?search[sortBy]=UNIT_PRICE&search[sortAscending]=false]
[2022-09-22 01:02:57,815,204] [Waiting for OpenSea to load]
[2022-09-22 01:03:07,909,219] [No collection found]
[2022-09-22 01:03:07,911,139] [Proxy selected: 138.128.93.50:8000]
[2022-09-22 01:03:12,373,201] [Scraping stats of 4: 0xE0AbC5091f4077d30d7030fCE93bE28D4244bDBc, URL: https://opensea.io/0xE0AbC5091f4077d30d7030fCE93bE28D4244bDBc?search[sortBy]=UNIT_PRICE&search[sortAscending]=false]
[2022-09-22 01:10:35,249,257] [OpenSeaBot launched]
[2022-09-22 01:10:35,255,139] [Proxy selected: 154.30.136.119:8000]
[2022-09-22 01:10:37,032,201] [Scraping stats of 0: 0x55519535c999C3f9f4be4f7bfa91D4CEDE42e9Ae, URL: https://opensea.io/0x55519535c999C3f9f4be4f7bfa91D4CEDE42e9Ae?search[sortBy]=UNIT_PRICE&search[sortAscending]=false]
[2022-09-22 01:11:09,568,204] [Waiting for OpenSea to load]
[2022-09-22 14:31:09,439,257] [OpenSeaBot launched]
[2022-09-22 14:31:09,447,139] [Proxy selected: 154.30.136.43:8000]
[2022-09-22 14:31:11,469,201] [Scraping stats of 0: 0x55519535c999C3f9f4be4f7bfa91D4CEDE42e9Ae, URL: https://opensea.io/0x55519535c999C3f9f4be4f7bfa91D4CEDE42e9Ae?search[sortBy]=UNIT_PRICE&search[sortAscending]=false]
